2025-02-17T10:47:58.148+05:30  INFO 21864 --- [CustomerService] [main] [                                                 ] c.r.cservice.CustomerServiceApplication  : Starting CustomerServiceApplication using Java 23.0.1 with PID 21864 (C:\Docs\Intellij\BankingApp\CustomerService\target\classes started by 10827341 in C:\Docs\Intellij\BankingApp)
2025-02-17T10:47:58.219+05:30  INFO 21864 --- [CustomerService] [main] [                                                 ] c.r.cservice.CustomerServiceApplication  : The following 1 profile is active: "dev"
2025-02-17T10:47:58.449+05:30  INFO 21864 --- [CustomerService] [main] [                                                 ] o.s.c.c.c.ConfigServerConfigDataLoader   : Fetching config from server at : http://localhost:8888
2025-02-17T10:47:58.451+05:30  INFO 21864 --- [CustomerService] [main] [                                                 ] o.s.c.c.c.ConfigServerConfigDataLoader   : Located environment: name=CustomerService, profiles=[default], label=null, version=3271b0565b32a3b7783ffa6132b3e2b90467a2ec, state=
2025-02-17T10:47:58.452+05:30  INFO 21864 --- [CustomerService] [main] [                                                 ] o.s.c.c.c.ConfigServerConfigDataLoader   : Fetching config from server at : http://localhost:8888
2025-02-17T10:47:58.453+05:30  INFO 21864 --- [CustomerService] [main] [                                                 ] o.s.c.c.c.ConfigServerConfigDataLoader   : Located environment: name=CustomerService, profiles=[dev], label=null, version=3271b0565b32a3b7783ffa6132b3e2b90467a2ec, state=
2025-02-17T10:48:03.177+05:30  INFO 21864 --- [CustomerService] [main] [                                                 ] .s.d.r.c.RepositoryConfigurationDelegate : Bootstrapping Spring Data JPA repositories in DEFAULT mode.
2025-02-17T10:48:03.558+05:30  INFO 21864 --- [CustomerService] [main] [                                                 ] .s.d.r.c.RepositoryConfigurationDelegate : Finished Spring Data repository scanning in 352 ms. Found 2 JPA repository interfaces.
2025-02-17T10:48:05.068+05:30  INFO 21864 --- [CustomerService] [main] [                                                 ] o.s.cloud.context.scope.GenericScope     : BeanFactory id=cd70cbf1-a396-33ea-b122-8639d564028a
2025-02-17T10:48:08.862+05:30  INFO 21864 --- [CustomerService] [main] [                                                 ] o.s.b.w.embedded.tomcat.TomcatWebServer  : Tomcat initialized with port 7020 (http)
2025-02-17T10:48:08.899+05:30  INFO 21864 --- [CustomerService] [main] [                                                 ] o.apache.catalina.core.StandardService   : Starting service [Tomcat]
2025-02-17T10:48:08.899+05:30  INFO 21864 --- [CustomerService] [main] [                                                 ] o.apache.catalina.core.StandardEngine    : Starting Servlet engine: [Apache Tomcat/10.1.34]
2025-02-17T10:48:09.122+05:30  INFO 21864 --- [CustomerService] [main] [                                                 ] o.a.c.c.C.[Tomcat].[localhost].[/]       : Initializing Spring embedded WebApplicationContext
2025-02-17T10:48:09.123+05:30  INFO 21864 --- [CustomerService] [main] [                                                 ] w.s.c.ServletWebServerApplicationContext : Root WebApplicationContext: initialization completed in 10666 ms
2025-02-17T10:48:11.967+05:30  INFO 21864 --- [CustomerService] [main] [                                                 ] o.hibernate.jpa.internal.util.LogHelper  : HHH000204: Processing PersistenceUnitInfo [name: default]
2025-02-17T10:48:12.831+05:30  INFO 21864 --- [CustomerService] [main] [                                                 ] org.hibernate.Version                    : HHH000412: Hibernate ORM core version 6.6.4.Final
2025-02-17T10:48:12.926+05:30  INFO 21864 --- [CustomerService] [main] [                                                 ] o.h.c.internal.RegionFactoryInitiator    : HHH000026: Second-level cache disabled
2025-02-17T10:48:13.622+05:30  INFO 21864 --- [CustomerService] [main] [                                                 ] o.s.o.j.p.SpringPersistenceUnitInfo      : No LoadTimeWeaver setup: ignoring JPA class transformer
2025-02-17T10:48:13.685+05:30  INFO 21864 --- [CustomerService] [main] [                                                 ] com.zaxxer.hikari.HikariDataSource       : HikariPool-1 - Starting...
2025-02-17T10:48:13.954+05:30  INFO 21864 --- [CustomerService] [main] [                                                 ] com.zaxxer.hikari.pool.HikariPool        : HikariPool-1 - Added connection org.postgresql.jdbc.PgConnection@c1d9c40
2025-02-17T10:48:13.954+05:30  INFO 21864 --- [CustomerService] [main] [                                                 ] com.zaxxer.hikari.HikariDataSource       : HikariPool-1 - Start completed.
2025-02-17T10:48:14.097+05:30  INFO 21864 --- [CustomerService] [main] [                                                 ] org.hibernate.orm.connections.pooling    : HHH10001005: Database info:
	Database JDBC URL [Connecting through datasource 'HikariDataSource (HikariPool-1)']
	Database driver: undefined/unknown
	Database version: 16.4
	Autocommit mode: undefined/unknown
	Isolation level: undefined/unknown
	Minimum pool size: undefined/unknown
	Maximum pool size: undefined/unknown
2025-02-17T10:48:16.138+05:30  INFO 21864 --- [CustomerService] [main] [                                                 ] o.h.e.t.j.p.i.JtaPlatformInitiator       : HHH000489: No JTA platform available (set 'hibernate.transaction.jta.platform' to enable JTA platform integration)
2025-02-17T10:48:16.233+05:30  INFO 21864 --- [CustomerService] [main] [                                                 ] j.LocalContainerEntityManagerFactoryBean : Initialized JPA EntityManagerFactory for persistence unit 'default'
2025-02-17T10:48:17.423+05:30  INFO 21864 --- [CustomerService] [main] [                                                 ] o.s.d.j.r.query.QueryEnhancerFactory     : Hibernate is in classpath; If applicable, HQL parser will be used.
2025-02-17T10:48:19.316+05:30  WARN 21864 --- [CustomerService] [main] [                                                 ] JpaBaseConfiguration$JpaWebConfiguration : spring.jpa.open-in-view is enabled by default. Therefore, database queries may be performed during view rendering. Explicitly configure spring.jpa.open-in-view to disable this warning
2025-02-17T10:48:19.448+05:30  INFO 21864 --- [CustomerService] [main] [                                                 ] c.r.cservice.config.SecurityConfig       : inside authenticationProvider
2025-02-17T10:48:19.502+05:30  INFO 21864 --- [CustomerService] [main] [                                                 ] eAuthenticationProviderManagerConfigurer : Global AuthenticationManager configured with AuthenticationProvider bean with name authenticationProvider
2025-02-17T10:48:19.502+05:30  WARN 21864 --- [CustomerService] [main] [                                                 ] r$InitializeUserDetailsManagerConfigurer : Global AuthenticationManager configured with an AuthenticationProvider bean. UserDetailsService beans will not be used by Spring Security for automatically configuring username/password login. Consider removing the AuthenticationProvider bean. Alternatively, consider using the UserDetailsService in a manually instantiated DaoAuthenticationProvider. If the current configuration is intentional, to turn off this warning, increase the logging level of 'org.springframework.security.config.annotation.authentication.configuration.InitializeUserDetailsBeanManagerConfigurer' to ERROR
2025-02-17T10:48:22.122+05:30  INFO 21864 --- [CustomerService] [main] [                                                 ] o.s.b.a.e.web.EndpointLinksResolver      : Exposing 29 endpoints beneath base path '/actuator'
2025-02-17T10:48:22.217+05:30  INFO 21864 --- [CustomerService] [main] [                                                 ] c.r.cservice.config.SecurityConfig       : inside securityFilterChain
2025-02-17T10:48:24.972+05:30  INFO 21864 --- [CustomerService] [main] [                                                 ] DiscoveryClientOptionalArgsConfiguration : Eureka HTTP Client uses RestTemplate.
2025-02-17T10:48:25.236+05:30  WARN 21864 --- [CustomerService] [main] [                                                 ] iguration$LoadBalancerCaffeineWarnLogger : Spring Cloud LoadBalancer is currently working with the default cache. While this cache implementation is useful for development and tests, it's recommended to use Caffeine cache in production.You can switch to using Caffeine cache, by adding it and org.springframework.cache.caffeine.CaffeineCacheManager to the classpath.
2025-02-17T10:48:25.691+05:30  INFO 21864 --- [CustomerService] [main] [                                                 ] o.s.c.n.eureka.InstanceInfoFactory       : Setting initial instance status as: STARTING
2025-02-17T10:48:25.781+05:30  INFO 21864 --- [CustomerService] [main] [                                                 ] com.netflix.discovery.DiscoveryClient    : Initializing Eureka in region us-east-1
2025-02-17T10:48:25.809+05:30  INFO 21864 --- [CustomerService] [main] [                                                 ] c.n.d.s.r.aws.ConfigClusterResolver      : Resolving eureka endpoints via configuration
2025-02-17T10:48:25.855+05:30  INFO 21864 --- [CustomerService] [main] [                                                 ] com.netflix.discovery.DiscoveryClient    : Disable delta property : false
2025-02-17T10:48:25.856+05:30  INFO 21864 --- [CustomerService] [main] [                                                 ] com.netflix.discovery.DiscoveryClient    : Single vip registry refresh property : null
2025-02-17T10:48:25.856+05:30  INFO 21864 --- [CustomerService] [main] [                                                 ] com.netflix.discovery.DiscoveryClient    : Force full registry fetch : false
2025-02-17T10:48:25.857+05:30  INFO 21864 --- [CustomerService] [main] [                                                 ] com.netflix.discovery.DiscoveryClient    : Application is null : false
2025-02-17T10:48:25.858+05:30  INFO 21864 --- [CustomerService] [main] [                                                 ] com.netflix.discovery.DiscoveryClient    : Registered Applications size is zero : true
2025-02-17T10:48:25.858+05:30  INFO 21864 --- [CustomerService] [main] [                                                 ] com.netflix.discovery.DiscoveryClient    : Application version is -1: true
2025-02-17T10:48:25.859+05:30  INFO 21864 --- [CustomerService] [main] [                                                 ] com.netflix.discovery.DiscoveryClient    : Getting all instance registry info from the eureka server
2025-02-17T10:48:26.765+05:30  INFO 21864 --- [CustomerService] [main] [                                                 ] com.netflix.discovery.DiscoveryClient    : The response status is 200
2025-02-17T10:48:26.772+05:30  INFO 21864 --- [CustomerService] [main] [                                                 ] com.netflix.discovery.DiscoveryClient    : Starting heartbeat executor: renew interval is: 30
2025-02-17T10:48:26.776+05:30  INFO 21864 --- [CustomerService] [main] [                                                 ] c.n.discovery.InstanceInfoReplicator     : InstanceInfoReplicator onDemand update allowed rate per min is 4
2025-02-17T10:48:26.782+05:30  INFO 21864 --- [CustomerService] [main] [                                                 ] com.netflix.discovery.DiscoveryClient    : Discovery Client initialized at timestamp 1739769506781 with initial instances count: 2
2025-02-17T10:48:26.843+05:30  INFO 21864 --- [CustomerService] [main] [                                                 ] o.s.c.n.e.s.EurekaServiceRegistry        : Registering application CUSTOMERSERVICE with eureka with status UP
2025-02-17T10:48:26.843+05:30  INFO 21864 --- [CustomerService] [main] [                                                 ] com.netflix.discovery.DiscoveryClient    : Saw local status change event StatusChangeEvent [timestamp=1739769506843, current=UP, previous=STARTING]
2025-02-17T10:48:26.914+05:30  INFO 21864 --- [CustomerService] [main] [                                                 ] o.s.b.w.embedded.tomcat.TomcatWebServer  : Tomcat started on port 7020 (http) with context path '/'
2025-02-17T10:48:26.918+05:30  INFO 21864 --- [CustomerService] [main] [                                                 ] .s.c.n.e.s.EurekaAutoServiceRegistration : Updating port to 7020
2025-02-17T10:48:27.126+05:30  INFO 21864 --- [CustomerService] [main] [                                                 ] c.r.cservice.CustomerServiceApplication  : Started CustomerServiceApplication in 33.904 seconds (process running for 36.033)
2025-02-17T10:48:27.165+05:30  INFO 21864 --- [CustomerService] [DiscoveryClient-InstanceInfoReplicator-%d] [                                                 ] com.netflix.discovery.DiscoveryClient    : DiscoveryClient_CUSTOMERSERVICE/10.203.114.154:CustomerService:7020: registering service...
2025-02-17T10:48:27.719+05:30  INFO 21864 --- [CustomerService] [DiscoveryClient-InstanceInfoReplicator-%d] [                                                 ] com.netflix.discovery.DiscoveryClient    : DiscoveryClient_CUSTOMERSERVICE/10.203.114.154:CustomerService:7020 - registration status: 204
2025-02-17T10:48:37.287+05:30  INFO 21864 --- [CustomerService] [http-nio-7020-exec-6] [                                                 ] o.a.c.c.C.[Tomcat].[localhost].[/]       : Initializing Spring DispatcherServlet 'dispatcherServlet'
2025-02-17T10:48:37.287+05:30  INFO 21864 --- [CustomerService] [http-nio-7020-exec-6] [                                                 ] o.s.web.servlet.DispatcherServlet        : Initializing Servlet 'dispatcherServlet'
2025-02-17T10:48:37.287+05:30  INFO 21864 --- [CustomerService] [http-nio-7020-exec-6] [                                                 ] o.s.web.servlet.DispatcherServlet        : Completed initialization in 0 ms
2025-02-17T10:48:46.184+05:30 ERROR 21864 --- [CustomerService] [http-nio-7020-exec-7] [                                                 ] o.a.c.c.C.[.[.[/].[dispatcherServlet]    : Servlet.service() for servlet [dispatcherServlet] in context with path [] threw exception

io.jsonwebtoken.ExpiredJwtException: JWT expired at 2025-02-16T09:01:10Z. Current time: 2025-02-17T05:18:46Z, a difference of 73056182 milliseconds.  Allowed clock skew: 0 milliseconds.
	at io.jsonwebtoken.impl.DefaultJwtParser.parse(DefaultJwtParser.java:427) ~[jjwt-impl-0.11.5.jar:0.11.5]
	at io.jsonwebtoken.impl.DefaultJwtParser.parse(DefaultJwtParser.java:529) ~[jjwt-impl-0.11.5.jar:0.11.5]
	at io.jsonwebtoken.impl.DefaultJwtParser.parseClaimsJws(DefaultJwtParser.java:589) ~[jjwt-impl-0.11.5.jar:0.11.5]
	at io.jsonwebtoken.impl.ImmutableJwtParser.parseClaimsJws(ImmutableJwtParser.java:173) ~[jjwt-impl-0.11.5.jar:0.11.5]
	at com.rbanking.cservice.service.JwtService.extractAllClaims(JwtService.java:123) ~[classes/:na]
	at com.rbanking.cservice.service.JwtService.extractClaim(JwtService.java:109) ~[classes/:na]
	at com.rbanking.cservice.service.JwtService.extractUserName(JwtService.java:84) ~[classes/:na]
	at com.rbanking.cservice.filter.JwtFilter.doFilterInternal(JwtFilter.java:53) ~[classes/:na]
	at org.springframework.web.filter.OncePerRequestFilter.doFilter(OncePerRequestFilter.java:116) ~[spring-web-6.2.1.jar:6.2.1]
	at org.springframework.security.web.ObservationFilterChainDecorator$ObservationFilter.wrapFilter(ObservationFilterChainDecorator.java:240) ~[spring-security-web-6.4.2.jar:6.4.2]
	at org.springframework.security.web.ObservationFilterChainDecorator$ObservationFilter.doFilter(ObservationFilterChainDecorator.java:227) ~[spring-security-web-6.4.2.jar:6.4.2]
	at org.springframework.security.web.ObservationFilterChainDecorator$VirtualFilterChain.doFilter(ObservationFilterChainDecorator.java:137) ~[spring-security-web-6.4.2.jar:6.4.2]
	at org.springframework.security.web.authentication.logout.LogoutFilter.doFilter(LogoutFilter.java:107) ~[spring-security-web-6.4.2.jar:6.4.2]
	at org.springframework.security.web.authentication.logout.LogoutFilter.doFilter(LogoutFilter.java:93) ~[spring-security-web-6.4.2.jar:6.4.2]
	at org.springframework.security.web.ObservationFilterChainDecorator$ObservationFilter.wrapFilter(ObservationFilterChainDecorator.java:240) ~[spring-security-web-6.4.2.jar:6.4.2]
	at org.springframework.security.web.ObservationFilterChainDecorator$ObservationFilter.doFilter(ObservationFilterChainDecorator.java:227) ~[spring-security-web-6.4.2.jar:6.4.2]
	at org.springframework.security.web.ObservationFilterChainDecorator$VirtualFilterChain.doFilter(ObservationFilterChainDecorator.java:137) ~[spring-security-web-6.4.2.jar:6.4.2]
	at org.springframework.web.filter.CorsFilter.doFilterInternal(CorsFilter.java:91) ~[spring-web-6.2.1.jar:6.2.1]
	at org.springframework.web.filter.OncePerRequestFilter.doFilter(OncePerRequestFilter.java:116) ~[spring-web-6.2.1.jar:6.2.1]
	at org.springframework.security.web.ObservationFilterChainDecorator$ObservationFilter.wrapFilter(ObservationFilterChainDecorator.java:240) ~[spring-security-web-6.4.2.jar:6.4.2]
	at org.springframework.security.web.ObservationFilterChainDecorator$ObservationFilter.doFilter(ObservationFilterChainDecorator.java:227) ~[spring-security-web-6.4.2.jar:6.4.2]
	at org.springframework.security.web.ObservationFilterChainDecorator$VirtualFilterChain.doFilter(ObservationFilterChainDecorator.java:137) ~[spring-security-web-6.4.2.jar:6.4.2]
	at org.springframework.security.web.header.HeaderWriterFilter.doHeadersAfter(HeaderWriterFilter.java:90) ~[spring-security-web-6.4.2.jar:6.4.2]
	at org.springframework.security.web.header.HeaderWriterFilter.doFilterInternal(HeaderWriterFilter.java:75) ~[spring-security-web-6.4.2.jar:6.4.2]
	at org.springframework.web.filter.OncePerRequestFilter.doFilter(OncePerRequestFilter.java:116) ~[spring-web-6.2.1.jar:6.2.1]
	at org.springframework.security.web.ObservationFilterChainDecorator$ObservationFilter.wrapFilter(ObservationFilterChainDecorator.java:240) ~[spring-security-web-6.4.2.jar:6.4.2]
	at org.springframework.security.web.ObservationFilterChainDecorator$ObservationFilter.doFilter(ObservationFilterChainDecorator.java:227) ~[spring-security-web-6.4.2.jar:6.4.2]
	at org.springframework.security.web.ObservationFilterChainDecorator$VirtualFilterChain.doFilter(ObservationFilterChainDecorator.java:137) ~[spring-security-web-6.4.2.jar:6.4.2]
	at org.springframework.security.web.context.SecurityContextHolderFilter.doFilter(SecurityContextHolderFilter.java:82) ~[spring-security-web-6.4.2.jar:6.4.2]
	at org.springframework.security.web.context.SecurityContextHolderFilter.doFilter(SecurityContextHolderFilter.java:69) ~[spring-security-web-6.4.2.jar:6.4.2]
	at org.springframework.security.web.ObservationFilterChainDecorator$ObservationFilter.wrapFilter(ObservationFilterChainDecorator.java:240) ~[spring-security-web-6.4.2.jar:6.4.2]
	at org.springframework.security.web.ObservationFilterChainDecorator$ObservationFilter.doFilter(ObservationFilterChainDecorator.java:227) ~[spring-security-web-6.4.2.jar:6.4.2]
	at org.springframework.security.web.ObservationFilterChainDecorator$VirtualFilterChain.doFilter(ObservationFilterChainDecorator.java:137) ~[spring-security-web-6.4.2.jar:6.4.2]
	at org.springframework.security.web.context.request.async.WebAsyncManagerIntegrationFilter.doFilterInternal(WebAsyncManagerIntegrationFilter.java:62) ~[spring-security-web-6.4.2.jar:6.4.2]
	at org.springframework.web.filter.OncePerRequestFilter.doFilter(OncePerRequestFilter.java:116) ~[spring-web-6.2.1.jar:6.2.1]
	at org.springframework.security.web.ObservationFilterChainDecorator$ObservationFilter.wrapFilter(ObservationFilterChainDecorator.java:240) ~[spring-security-web-6.4.2.jar:6.4.2]
	at org.springframework.security.web.ObservationFilterChainDecorator$ObservationFilter.doFilter(ObservationFilterChainDecorator.java:227) ~[spring-security-web-6.4.2.jar:6.4.2]
	at org.springframework.security.web.ObservationFilterChainDecorator$VirtualFilterChain.doFilter(ObservationFilterChainDecorator.java:137) ~[spring-security-web-6.4.2.jar:6.4.2]
	at org.springframework.security.web.session.DisableEncodeUrlFilter.doFilterInternal(DisableEncodeUrlFilter.java:42) ~[spring-security-web-6.4.2.jar:6.4.2]
	at org.springframework.web.filter.OncePerRequestFilter.doFilter(OncePerRequestFilter.java:116) ~[spring-web-6.2.1.jar:6.2.1]
	at org.springframework.security.web.ObservationFilterChainDecorator$ObservationFilter.wrapFilter(ObservationFilterChainDecorator.java:240) ~[spring-security-web-6.4.2.jar:6.4.2]
	at org.springframework.security.web.ObservationFilterChainDecorator$AroundFilterObservation$SimpleAroundFilterObservation.lambda$wrap$0(ObservationFilterChainDecorator.java:323) ~[spring-security-web-6.4.2.jar:6.4.2]
	at org.springframework.security.web.ObservationFilterChainDecorator$ObservationFilter.doFilter(ObservationFilterChainDecorator.java:224) ~[spring-security-web-6.4.2.jar:6.4.2]
	at org.springframework.security.web.ObservationFilterChainDecorator$VirtualFilterChain.doFilter(ObservationFilterChainDecorator.java:137) ~[spring-security-web-6.4.2.jar:6.4.2]
	at org.springframework.security.web.FilterChainProxy.doFilterInternal(FilterChainProxy.java:233) ~[spring-security-web-6.4.2.jar:6.4.2]
	at org.springframework.security.web.FilterChainProxy.doFilter(FilterChainProxy.java:191) ~[spring-security-web-6.4.2.jar:6.4.2]
	at org.springframework.web.filter.CompositeFilter$VirtualFilterChain.doFilter(CompositeFilter.java:113) ~[spring-web-6.2.1.jar:6.2.1]
	at org.springframework.web.servlet.handler.HandlerMappingIntrospector.lambda$createCacheFilter$3(HandlerMappingIntrospector.java:243) ~[spring-webmvc-6.2.1.jar:6.2.1]
	at org.springframework.web.filter.CompositeFilter$VirtualFilterChain.doFilter(CompositeFilter.java:113) ~[spring-web-6.2.1.jar:6.2.1]
	at org.springframework.web.filter.CompositeFilter.doFilter(CompositeFilter.java:74) ~[spring-web-6.2.1.jar:6.2.1]
	at org.springframework.security.config.annotation.web.configuration.WebMvcSecurityConfiguration$CompositeFilterChainProxy.doFilter(WebMvcSecurityConfiguration.java:238) ~[spring-security-config-6.4.2.jar:6.4.2]
	at org.springframework.web.filter.DelegatingFilterProxy.invokeDelegate(DelegatingFilterProxy.java:362) ~[spring-web-6.2.1.jar:6.2.1]
	at org.springframework.web.filter.DelegatingFilterProxy.doFilter(DelegatingFilterProxy.java:278) ~[spring-web-6.2.1.jar:6.2.1]
	at org.apache.catalina.core.ApplicationFilterChain.internalDoFilter(ApplicationFilterChain.java:164) ~[tomcat-embed-core-10.1.34.jar:10.1.34]
	at org.apache.catalina.core.ApplicationFilterChain.doFilter(ApplicationFilterChain.java:140) ~[tomcat-embed-core-10.1.34.jar:10.1.34]
	at org.springframework.web.filter.RequestContextFilter.doFilterInternal(RequestContextFilter.java:100) ~[spring-web-6.2.1.jar:6.2.1]
	at org.springframework.web.filter.OncePerRequestFilter.doFilter(OncePerRequestFilter.java:116) ~[spring-web-6.2.1.jar:6.2.1]
	at org.apache.catalina.core.ApplicationFilterChain.internalDoFilter(ApplicationFilterChain.java:164) ~[tomcat-embed-core-10.1.34.jar:10.1.34]
	at org.apache.catalina.core.ApplicationFilterChain.doFilter(ApplicationFilterChain.java:140) ~[tomcat-embed-core-10.1.34.jar:10.1.34]
	at org.springframework.web.filter.FormContentFilter.doFilterInternal(FormContentFilter.java:93) ~[spring-web-6.2.1.jar:6.2.1]
	at org.springframework.web.filter.OncePerRequestFilter.doFilter(OncePerRequestFilter.java:116) ~[spring-web-6.2.1.jar:6.2.1]
	at org.apache.catalina.core.ApplicationFilterChain.internalDoFilter(ApplicationFilterChain.java:164) ~[tomcat-embed-core-10.1.34.jar:10.1.34]
	at org.apache.catalina.core.ApplicationFilterChain.doFilter(ApplicationFilterChain.java:140) ~[tomcat-embed-core-10.1.34.jar:10.1.34]
	at org.springframework.web.filter.ServerHttpObservationFilter.doFilterInternal(ServerHttpObservationFilter.java:114) ~[spring-web-6.2.1.jar:6.2.1]
	at org.springframework.web.filter.OncePerRequestFilter.doFilter(OncePerRequestFilter.java:116) ~[spring-web-6.2.1.jar:6.2.1]
	at org.apache.catalina.core.ApplicationFilterChain.internalDoFilter(ApplicationFilterChain.java:164) ~[tomcat-embed-core-10.1.34.jar:10.1.34]
	at org.apache.catalina.core.ApplicationFilterChain.doFilter(ApplicationFilterChain.java:140) ~[tomcat-embed-core-10.1.34.jar:10.1.34]
	at org.springframework.web.filter.CharacterEncodingFilter.doFilterInternal(CharacterEncodingFilter.java:201) ~[spring-web-6.2.1.jar:6.2.1]
	at org.springframework.web.filter.OncePerRequestFilter.doFilter(OncePerRequestFilter.java:116) ~[spring-web-6.2.1.jar:6.2.1]
	at org.apache.catalina.core.ApplicationFilterChain.internalDoFilter(ApplicationFilterChain.java:164) ~[tomcat-embed-core-10.1.34.jar:10.1.34]
	at org.apache.catalina.core.ApplicationFilterChain.doFilter(ApplicationFilterChain.java:140) ~[tomcat-embed-core-10.1.34.jar:10.1.34]
	at org.apache.catalina.core.StandardWrapperValve.invoke(StandardWrapperValve.java:167) ~[tomcat-embed-core-10.1.34.jar:10.1.34]
	at org.apache.catalina.core.StandardContextValve.invoke(StandardContextValve.java:90) ~[tomcat-embed-core-10.1.34.jar:10.1.34]
	at org.apache.catalina.authenticator.AuthenticatorBase.invoke(AuthenticatorBase.java:483) ~[tomcat-embed-core-10.1.34.jar:10.1.34]
	at org.apache.catalina.core.StandardHostValve.invoke(StandardHostValve.java:115) ~[tomcat-embed-core-10.1.34.jar:10.1.34]
	at org.apache.catalina.valves.ErrorReportValve.invoke(ErrorReportValve.java:93) ~[tomcat-embed-core-10.1.34.jar:10.1.34]
	at org.apache.catalina.core.StandardEngineValve.invoke(StandardEngineValve.java:74) ~[tomcat-embed-core-10.1.34.jar:10.1.34]
	at org.apache.catalina.connector.CoyoteAdapter.service(CoyoteAdapter.java:344) ~[tomcat-embed-core-10.1.34.jar:10.1.34]
	at org.apache.coyote.http11.Http11Processor.service(Http11Processor.java:397) ~[tomcat-embed-core-10.1.34.jar:10.1.34]
	at org.apache.coyote.AbstractProcessorLight.process(AbstractProcessorLight.java:63) ~[tomcat-embed-core-10.1.34.jar:10.1.34]
	at org.apache.coyote.AbstractProtocol$ConnectionHandler.process(AbstractProtocol.java:905) ~[tomcat-embed-core-10.1.34.jar:10.1.34]
	at org.apache.tomcat.util.net.NioEndpoint$SocketProcessor.doRun(NioEndpoint.java:1741) ~[tomcat-embed-core-10.1.34.jar:10.1.34]
	at org.apache.tomcat.util.net.SocketProcessorBase.run(SocketProcessorBase.java:52) ~[tomcat-embed-core-10.1.34.jar:10.1.34]
	at org.apache.tomcat.util.threads.ThreadPoolExecutor.runWorker(ThreadPoolExecutor.java:1190) ~[tomcat-embed-core-10.1.34.jar:10.1.34]
	at org.apache.tomcat.util.threads.ThreadPoolExecutor$Worker.run(ThreadPoolExecutor.java:659) ~[tomcat-embed-core-10.1.34.jar:10.1.34]
	at org.apache.tomcat.util.threads.TaskThread$WrappingRunnable.run(TaskThread.java:63) ~[tomcat-embed-core-10.1.34.jar:10.1.34]
	at java.base/java.lang.Thread.run(Thread.java:1575) ~[na:na]

2025-02-17T10:53:25.895+05:30  INFO 21864 --- [CustomerService] [AsyncResolver-bootstrap-executor-%d] [                                                 ] c.n.d.s.r.aws.ConfigClusterResolver      : Resolving eureka endpoints via configuration
2025-02-17T10:58:25.938+05:30  INFO 21864 --- [CustomerService] [AsyncResolver-bootstrap-executor-%d] [                                                 ] c.n.d.s.r.aws.ConfigClusterResolver      : Resolving eureka endpoints via configuration
2025-02-17T11:03:25.946+05:30  INFO 21864 --- [CustomerService] [AsyncResolver-bootstrap-executor-%d] [                                                 ] c.n.d.s.r.aws.ConfigClusterResolver      : Resolving eureka endpoints via configuration
2025-02-17T11:03:55.503+05:30  INFO 21864 --- [CustomerService] [http-nio-7020-exec-1] [67b2ca4356d75a962e842d422dff8ea7-2279f910c1ffcfc4] com.rbanking.cservice.filter.JwtFilter   : Filter UserService loadUserByUsername
2025-02-17T11:03:55.702+05:30  INFO 21864 --- [CustomerService] [http-nio-7020-exec-1] [67b2ca4356d75a962e842d422dff8ea7-2279f910c1ffcfc4] com.rbanking.cservice.filter.JwtFilter   : Filter token validateToken
2025-02-17T11:03:55.852+05:30  INFO 21864 --- [CustomerService] [http-nio-7020-exec-1] [67b2ca4356d75a962e842d422dff8ea7-efe19c48ff7f677a] c.r.c.service.CustomerServiceServices    : getCustomerbyId- 11250238, Pradip Shinde
2025-02-17T11:04:44.251+05:30  INFO 21864 --- [CustomerService] [http-nio-7020-exec-7] [67b2ca74510d90cc8d85202e03f4b304-d68497cba9936bbf] com.rbanking.cservice.filter.JwtFilter   : Filter UserService loadUserByUsername
2025-02-17T11:04:44.265+05:30  INFO 21864 --- [CustomerService] [http-nio-7020-exec-7] [67b2ca74510d90cc8d85202e03f4b304-d68497cba9936bbf] com.rbanking.cservice.filter.JwtFilter   : Filter token validateToken
2025-02-17T11:04:44.275+05:30  INFO 21864 --- [CustomerService] [http-nio-7020-exec-7] [67b2ca74510d90cc8d85202e03f4b304-125d6299ad13e9fd] c.r.c.service.CustomerServiceServices    : getCustomerbyId- 11250236, Suhas Pawar
2025-02-17T11:08:25.949+05:30  INFO 21864 --- [CustomerService] [AsyncResolver-bootstrap-executor-%d] [                                                 ] c.n.d.s.r.aws.ConfigClusterResolver      : Resolving eureka endpoints via configuration
2025-02-17T11:13:25.957+05:30  INFO 21864 --- [CustomerService] [AsyncResolver-bootstrap-executor-%d] [                                                 ] c.n.d.s.r.aws.ConfigClusterResolver      : Resolving eureka endpoints via configuration
2025-02-17T11:18:25.968+05:30  INFO 21864 --- [CustomerService] [AsyncResolver-bootstrap-executor-%d] [                                                 ] c.n.d.s.r.aws.ConfigClusterResolver      : Resolving eureka endpoints via configuration
2025-02-17T11:18:27.299+05:30  INFO 21864 --- [CustomerService] [SpringApplicationShutdownHook] [                                                 ] o.s.c.n.e.s.EurekaServiceRegistry        : Unregistering application CUSTOMERSERVICE with eureka with status DOWN
2025-02-17T11:18:27.300+05:30  INFO 21864 --- [CustomerService] [SpringApplicationShutdownHook] [                                                 ] com.netflix.discovery.DiscoveryClient    : Saw local status change event StatusChangeEvent [timestamp=1739771307300, current=DOWN, previous=UP]
2025-02-17T11:18:27.302+05:30  INFO 21864 --- [CustomerService] [DiscoveryClient-InstanceInfoReplicator-%d] [                                                 ] com.netflix.discovery.DiscoveryClient    : DiscoveryClient_CUSTOMERSERVICE/10.203.114.154:CustomerService:7020: registering service...
2025-02-17T11:18:27.336+05:30  INFO 21864 --- [CustomerService] [DiscoveryClient-InstanceInfoReplicator-%d] [                                                 ] com.netflix.discovery.DiscoveryClient    : DiscoveryClient_CUSTOMERSERVICE/10.203.114.154:CustomerService:7020 - registration status: 204
2025-02-17T11:18:27.341+05:30  INFO 21864 --- [CustomerService] [SpringApplicationShutdownHook] [                                                 ] o.s.b.w.e.tomcat.GracefulShutdown        : Commencing graceful shutdown. Waiting for active requests to complete
2025-02-17T11:18:27.349+05:30  INFO 21864 --- [CustomerService] [tomcat-shutdown] [                                                 ] o.s.b.w.e.tomcat.GracefulShutdown        : Graceful shutdown complete
2025-02-17T11:18:27.376+05:30  INFO 21864 --- [CustomerService] [SpringApplicationShutdownHook] [                                                 ] j.LocalContainerEntityManagerFactoryBean : Closing JPA EntityManagerFactory for persistence unit 'default'
2025-02-17T11:18:27.395+05:30  INFO 21864 --- [CustomerService] [SpringApplicationShutdownHook] [                                                 ] com.zaxxer.hikari.HikariDataSource       : HikariPool-1 - Shutdown initiated...
2025-02-17T11:18:27.420+05:30  INFO 21864 --- [CustomerService] [SpringApplicationShutdownHook] [                                                 ] com.zaxxer.hikari.HikariDataSource       : HikariPool-1 - Shutdown completed.
2025-02-17T11:18:27.730+05:30  INFO 21864 --- [CustomerService] [SpringApplicationShutdownHook] [                                                 ] com.netflix.discovery.DiscoveryClient    : Shutting down DiscoveryClient ...
2025-02-17T11:18:30.733+05:30  INFO 21864 --- [CustomerService] [SpringApplicationShutdownHook] [                                                 ] com.netflix.discovery.DiscoveryClient    : Unregistering ...
2025-02-17T11:18:30.734+05:30  WARN 21864 --- [CustomerService] [DiscoveryClient-%d] [                                                 ] c.netflix.discovery.TimedSupervisorTask  : task supervisor shutting down, can't accept the task
2025-02-17T11:18:30.849+05:30  INFO 21864 --- [CustomerService] [SpringApplicationShutdownHook] [                                                 ] com.netflix.discovery.DiscoveryClient    : DiscoveryClient_CUSTOMERSERVICE/10.203.114.154:CustomerService:7020 - deregister  status: 200
2025-02-17T11:18:30.849+05:30  INFO 21864 --- [CustomerService] [SpringApplicationShutdownHook] [                                                 ] com.netflix.discovery.DiscoveryClient    : Completed shut down of DiscoveryClient
